2026-06-25 23:35:17 | [INFO] | NetPulse IDS Logging Core Engine successfully initialized.
2026-06-25 23:35:17 | [CRITICAL] | Simulated intrusion spike vector detected on destination port 80!
2026-06-25 23:41:40 | [INFO] | Compiling machine learning decision boundaries into static signatures...
2026-06-25 23:41:40 | [INFO] | Successfully exported 3 lightweight signatures to 'netpulse_exported_signatures.rules'.
2026-07-01 16:42:29 | [INFO] | Starting automated system-wide integration tests...
2026-07-01 16:42:29 | [INFO] | Saved new model snapshot to registry registry: v_20260701_164229 (STANDARD_RANDOM_FOREST)
2026-07-01 16:42:29 | [INFO] | Secured User Credential Database initialized with default profiles.
2026-07-01 16:42:29 | [INFO] | User 'admin' successfully authenticated with role: [Admin]
2026-07-01 16:42:29 | [WARNING] | FAILED AUTHENTICATION ATTEMPT: Invalid login signature for username: 'admin'
2026-07-01 16:42:29 | [INFO] | Unified telemetry metrics updated successfully.
2026-07-01 16:42:29 | [INFO] | Heartbeat pulse verified. System healthy. Memory: 172.5 MB.
2026-07-01 16:42:29 | [INFO] | Automation tests completed. All system metrics verified green.
[2026-07-01 16:53:10] [INFO] Starting automated system-wide integration tests...
[2026-07-01 16:53:10] [INFO] Saved new model snapshot to registry registry: v_20260701_165310 (STANDARD_RANDOM_FOREST)
[2026-07-01 16:53:10] [INFO] User 'admin' successfully authenticated with role: [Admin]
[2026-07-01 16:53:10] [WARNING] FAILED AUTHENTICATION ATTEMPT: Invalid login signature for username: 'admin'
[2026-07-01 16:53:10] [INFO] Unified telemetry metrics updated successfully.
[2026-07-01 16:53:10] [INFO] Heartbeat pulse verified. System healthy. Memory: 173.1 MB.
[2026-07-01 16:53:10] [INFO] Automation tests completed. All system metrics verified green.
[2026-07-01 16:54:37] [INFO] Starting automated system-wide integration tests...
[2026-07-01 16:54:37] [INFO] Saved new model snapshot to registry registry: v_20260701_165437 (STANDARD_RANDOM_FOREST)
[2026-07-01 16:54:37] [INFO] User 'admin' successfully authenticated with role: [Admin]
[2026-07-01 16:54:37] [WARNING] FAILED AUTHENTICATION ATTEMPT: Invalid login signature for username: 'admin'
[2026-07-01 16:54:37] [INFO] Unified telemetry metrics updated successfully.
[2026-07-01 16:54:37] [INFO] Heartbeat pulse verified. System healthy. Memory: 172.9 MB.
[2026-07-01 16:54:37] [INFO] Automation tests completed. All system metrics verified green.
